<?xml version="1.0" ?>
<coverage branch-rate="0" branches-covered="0" branches-valid="0" complexity="0" line-rate="0.9123" lines-covered="104" lines-valid="114" timestamp="1594496039315" version="5.2">
	<!-- Generated by coverage.py: https://coverage.readthedocs.io -->
	<!-- Based on https://raw.githubusercontent.com/cobertura/web/master/htdocs/xml/coverage-04.dtd -->
	<sources>
		<source>/Users/martin/prj/git/snazzy</source>
	</sources>
	<packages>
		<package branch-rate="0" complexity="0" line-rate="0.9123" name=".">
			<classes>
				<class branch-rate="0" complexity="0" filename="snazzy.py" line-rate="0.9123" name="snazzy.py">
					<methods/>
					<lines>
						<line hits="1" number="4"/>
						<line hits="1" number="14"/>
						<line hits="1" number="15"/>
						<line hits="1" number="18"/>
						<line hits="1" number="22"/>
						<line hits="1" number="45"/>
						<line hits="1" number="48"/>
						<line hits="1" number="70"/>
						<line hits="1" number="74"/>
						<line hits="1" number="86"/>
						<line hits="1" number="89"/>
						<line hits="1" number="94"/>
						<line hits="1" number="122"/>
						<line hits="1" number="125"/>
						<line hits="1" number="126"/>
						<line hits="1" number="129"/>
						<line hits="1" number="130"/>
						<line hits="1" number="146"/>
						<line hits="1" number="160"/>
						<line hits="1" number="161"/>
						<line hits="1" number="163"/>
						<line hits="1" number="166"/>
						<line hits="1" number="167"/>
						<line hits="1" number="169"/>
						<line hits="1" number="170"/>
						<line hits="1" number="171"/>
						<line hits="1" number="173"/>
						<line hits="1" number="174"/>
						<line hits="1" number="176"/>
						<line hits="1" number="179"/>
						<line hits="0" number="180"/>
						<line hits="1" number="181"/>
						<line hits="1" number="184"/>
						<line hits="0" number="185"/>
						<line hits="1" number="190"/>
						<line hits="1" number="191"/>
						<line hits="1" number="192"/>
						<line hits="0" number="193"/>
						<line hits="0" number="194"/>
						<line hits="1" number="196"/>
						<line hits="1" number="197"/>
						<line hits="1" number="198"/>
						<line hits="1" number="200"/>
						<line hits="1" number="202"/>
						<line hits="1" number="204"/>
						<line hits="0" number="206"/>
						<line hits="1" number="208"/>
						<line hits="1" number="209"/>
						<line hits="1" number="210"/>
						<line hits="0" number="211"/>
						<line hits="1" number="212"/>
						<line hits="0" number="213"/>
						<line hits="1" number="215"/>
						<line hits="1" number="216"/>
						<line hits="1" number="217"/>
						<line hits="1" number="218"/>
						<line hits="1" number="219"/>
						<line hits="1" number="220"/>
						<line hits="1" number="221"/>
						<line hits="1" number="222"/>
						<line hits="1" number="223"/>
						<line hits="1" number="224"/>
						<line hits="1" number="225"/>
						<line hits="1" number="226"/>
						<line hits="1" number="227"/>
						<line hits="1" number="229"/>
						<line hits="1" number="230"/>
						<line hits="1" number="231"/>
						<line hits="0" number="232"/>
						<line hits="1" number="233"/>
						<line hits="1" number="235"/>
						<line hits="1" number="237"/>
						<line hits="1" number="238"/>
						<line hits="1" number="240"/>
						<line hits="1" number="242"/>
						<line hits="1" number="243"/>
						<line hits="1" number="244"/>
						<line hits="0" number="246"/>
						<line hits="1" number="248"/>
						<line hits="1" number="249"/>
						<line hits="1" number="250"/>
						<line hits="1" number="251"/>
						<line hits="1" number="252"/>
						<line hits="1" number="253"/>
						<line hits="1" number="254"/>
						<line hits="1" number="256"/>
						<line hits="1" number="257"/>
						<line hits="1" number="266"/>
						<line hits="1" number="267"/>
						<line hits="1" number="268"/>
						<line hits="1" number="269"/>
						<line hits="1" number="270"/>
						<line hits="1" number="271"/>
						<line hits="1" number="273"/>
						<line hits="1" number="277"/>
						<line hits="1" number="278"/>
						<line hits="1" number="291"/>
						<line hits="1" number="292"/>
						<line hits="1" number="295"/>
						<line hits="1" number="296"/>
						<line hits="1" number="299"/>
						<line hits="0" number="301"/>
						<line hits="1" number="304"/>
						<line hits="1" number="306"/>
						<line hits="1" number="309"/>
						<line hits="1" number="311"/>
						<line hits="1" number="318"/>
						<line hits="1" number="319"/>
						<line hits="1" number="322"/>
						<line hits="1" number="323"/>
						<line hits="1" number="326"/>
						<line hits="1" number="327"/>
						<line hits="1" number="330"/>
						<line hits="1" number="331"/>
					</lines>
				</class>
			</classes>
		</package>
	</packages>
</coverage>
